<?xml version="1.0" encoding="UTF-8"?>
<!-- Generated by org.testng.reporters.JUnitReportReporter -->
<testsuite hostname="LAPTOP-8FRMBSEQ" failures="0" tests="4" name="Testcases.Login_TestCases" time="122.577" errors="0" timestamp="25 Sep 2020 01:34:55 GMT" skipped="0">
  <testcase classname="Testcases.Login_TestCases" name="loginVerified" time="22.997"/>
  <testcase classname="Testcases.Login_TestCases" name="loginVerified" time="32.025"/>
  <testcase classname="Testcases.Login_TestCases" name="loginVerified" time="39.633"/>
  <testcase classname="Testcases.Login_TestCases" name="loginVerified" time="27.922"/>
</testsuite> <!-- Testcases.Login_TestCases -->
