<?xml version="1.0" encoding="UTF-8"?>
<!-- Generated by org.testng.reporters.JUnitReportReporter -->
<testsuite hostname="LAPTOP-8FRMBSEQ" failures="0" tests="4" name="Testcases.Registration_testcase" time="226.024" errors="0" timestamp="25 Aug 2020 05:05:05 GMT" skipped="0">
  <testcase classname="Testcases.Registration_testcase" name="registration" time="66.410"/>
  <testcase classname="Testcases.Registration_testcase" name="registration" time="52.789"/>
  <testcase classname="Testcases.Registration_testcase" name="registration" time="53.976"/>
  <testcase classname="Testcases.Registration_testcase" name="registration" time="52.849"/>
</testsuite> <!-- Testcases.Registration_testcase -->
