<?xml version="1.0" encoding="UTF-8"?>
<!-- Generated by org.testng.reporters.JUnitReportReporter -->
<testsuite hostname="LAPTOP-8FRMBSEQ" failures="0" tests="4" name="Testcases.Login_TestCases" time="126.450" errors="0" timestamp="23 Aug 2020 04:44:51 GMT" skipped="0">
  <testcase classname="Testcases.Login_TestCases" name="loginVerified" time="32.363"/>
  <testcase classname="Testcases.Login_TestCases" name="loginVerified" time="28.617"/>
  <testcase classname="Testcases.Login_TestCases" name="loginVerified" time="34.288"/>
  <testcase classname="Testcases.Login_TestCases" name="loginVerified" time="31.182"/>
</testsuite> <!-- Testcases.Login_TestCases -->
