<?xml version="1.0" encoding="UTF-8"?>
<!-- Generated by org.testng.reporters.JUnitReportReporter -->
<testsuite hostname="LAPTOP-8FRMBSEQ" failures="0" tests="1" name="Testcases.HomePage_Testcases" time="47.597" errors="0" timestamp="23 Sep 2020 05:50:31 GMT" skipped="0">
  <testcase classname="Testcases.HomePage_Testcases" name="verifyhomepagetitle" time="47.597"/>
</testsuite> <!-- Testcases.HomePage_Testcases -->
