<?xml version="1.0" encoding="UTF-8"?>
<!-- Generated by org.testng.reporters.JUnitReportReporter -->
<testsuite hostname="LAPTOP-8FRMBSEQ" failures="0" tests="1" name="Utilities.EmailUtil" time="5.613" errors="0" timestamp="23 Aug 2020 23:34:18 GMT" skipped="0">
  <testcase classname="Utilities.EmailUtil" name="sendemail" time="5.613"/>
</testsuite> <!-- Utilities.EmailUtil -->
