<?xml version="1.0" encoding="UTF-8"?>
<!-- Generated by org.testng.reporters.JUnitReportReporter -->
<testsuite hostname="LAPTOP-8FRMBSEQ" failures="0" tests="4" name="Testcases.Registration_testcase" time="131.606" errors="0" timestamp="23 Aug 2020 04:44:51 GMT" skipped="0">
  <testcase classname="Testcases.Registration_testcase" name="registration" time="32.255"/>
  <testcase classname="Testcases.Registration_testcase" name="registration" time="30.594"/>
  <testcase classname="Testcases.Registration_testcase" name="registration" time="33.929"/>
  <testcase classname="Testcases.Registration_testcase" name="registration" time="34.828"/>
</testsuite> <!-- Testcases.Registration_testcase -->
