<?xml version="1.0" encoding="UTF-8"?>
<!-- Generated by org.testng.reporters.JUnitXMLReporter -->
<testsuite ignored="0" hostname="LAPTOP-8FRMBSEQ" failures="0" tests="9" name="Test-1" time="286.855" errors="0" timestamp="23 Aug 2020 04:44:50 GMT">
  <testcase classname="Testcases.BaseClass" name="@AfterClass teardown" time="0.198">
    <failure type="org.apache.commons.mail.EmailException" message="Cannot attach file &amp;quot;test-output\emailable-report.html&amp;quot;">
      <![CDATA[org.apache.commons.mail.EmailException: Cannot attach file "test-output\emailable-report.html"
at org.apache.commons.mail.MultiPartEmail.attach(MultiPartEmail.java:333)
at Utilities.EmailUtil.sendemail(EmailUtil.java:39)
at Testcases.BaseClass.teardown(BaseClass.java:69)
Caused by: java.io.IOException: "test-output\emailable-report.html" does not exist
at org.apache.commons.mail.MultiPartEmail.attach(MultiPartEmail.java:322)
... 28 more
... Removed 26 stack frames]]>
    </failure>
  </testcase> <!-- @AfterClass teardown -->
  <testcase classname="Testcases.Login_TestCases" name="loginVerified" time="12.646"/>
  <testcase classname="Testcases.Login_TestCases" name="loginVerified" time="10.425"/>
  <testcase classname="Testcases.Login_TestCases" name="loginVerified" time="13.857"/>
  <testcase classname="Testcases.Login_TestCases" name="loginVerified" time="11.564"/>
  <testcase classname="Testcases.Registration_testcase" name="registration" time="18.52"/>
  <testcase classname="Testcases.Registration_testcase" name="registration" time="11.41"/>
  <testcase classname="Testcases.Registration_testcase" name="registration" time="16.99"/>
  <testcase classname="Testcases.Registration_testcase" name="registration" time="16.082"/>
  <testcase classname="Testcases.HomePage_Testcases" name="verifyhomepagetitle" time="0.033"/>
</testsuite> <!-- Test-1 -->
