<?xml version="1.0" encoding="UTF-8"?>
<!-- Generated by org.testng.reporters.JUnitXMLReporter -->
<testsuite ignored="0" hostname="LAPTOP-8FRMBSEQ" failures="0" tests="4" name="Test-1" time="233.914" errors="0" timestamp="25 Aug 2020 05:05:04 GMT">
  <testcase classname="Testcases.Registration_testcase" name="registration" time="26.088"/>
  <testcase classname="Testcases.Registration_testcase" name="registration" time="15.401"/>
  <testcase classname="Testcases.Registration_testcase" name="registration" time="23.361"/>
  <testcase classname="Testcases.Registration_testcase" name="registration" time="19.726"/>
</testsuite> <!-- Test-1 -->
