<?xml version="1.0" encoding="UTF-8"?>
<!-- Generated by org.testng.reporters.JUnitXMLReporter -->
<testsuite ignored="0" hostname="LAPTOP-8FRMBSEQ" failures="2" tests="4" name="Test-1" time="65.338" errors="0" timestamp="25 Aug 2020 00:47:31 GMT">
  <testcase classname="Testcases.Login_TestCases" name="loginVerified" time="7.982"/>
  <testcase classname="Testcases.Login_TestCases" name="loginVerified" time="25.832">
    <failure type="java.lang.NullPointerException">
      <![CDATA[java.lang.NullPointerException
at Utilities.ExtentReporting.onTestSuccess(ExtentReporting.java:53)
... Removed 22 stack frames]]>
    </failure>
  </testcase> <!-- loginVerified -->
  <testcase classname="Testcases.HomePage_Testcases" name="verifyhomepagetitle" time="0.033"/>
  <testcase classname="Testcases.HomePage_Testcases" name="verifyhomepagetitle" time="34.818">
    <failure type="java.lang.NullPointerException">
      <![CDATA[java.lang.NullPointerException
at Utilities.ExtentReporting.onTestSuccess(ExtentReporting.java:53)
... Removed 22 stack frames]]>
    </failure>
  </testcase> <!-- verifyhomepagetitle -->
</testsuite> <!-- Test-1 -->
